mar 09, 2025 1:40:06 P. M. domain.Log record
SEVERE: domain.QuoriPOOBException: GAME OVER the winner is: None
domain.QuoriPOOBException: GAME OVER the winner is: None
	at domain.Quoridor.checkGameFinish(Quoridor.java:766)
	at domain.Quoridor.createPlayerHuman(Quoridor.java:134)
	at domain.QuoriPOOB.createPlayerHuman(QuoriPOOB.java:93)
	at presentation.QuoridorGUI.createPlayerHuman(QuoridorGUI.java:250)
	at presentation.PlayerInfoGUI$4.actionPerformed(PlayerInfoGUI.java:172)
	at java.desktop/javax.swing.AbstractButton.fireActionPerformed(AbstractButton.java:1972)
	at java.desktop/javax.swing.AbstractButton$Handler.actionPerformed(AbstractButton.java:2314)
	at java.desktop/javax.swing.DefaultButtonModel.fireActionPerformed(DefaultButtonModel.java:407)
	at java.desktop/javax.swing.DefaultButtonModel.setPressed(DefaultButtonModel.java:262)
	at java.desktop/javax.swing.plaf.basic.BasicButtonListener.mouseReleased(BasicButtonListener.java:279)
	at java.desktop/java.awt.AWTEventMulticaster.mouseReleased(AWTEventMulticaster.java:297)
	at java.desktop/java.awt.Component.processMouseEvent(Component.java:6621)
	at java.desktop/javax.swing.JComponent.processMouseEvent(JComponent.java:3398)
	at java.desktop/java.awt.Component.processEvent(Component.java:6386)
	at java.desktop/java.awt.Container.processEvent(Container.java:2266)
	at java.desktop/java.awt.Component.dispatchEventImpl(Component.java:4996)
	at java.desktop/java.awt.Container.dispatchEventImpl(Container.java:2324)
	at java.desktop/java.awt.Component.dispatchEvent(Component.java:4828)
	at java.desktop/java.awt.LightweightDispatcher.retargetMouseEvent(Container.java:4948)
	at java.desktop/java.awt.LightweightDispatcher.processMouseEvent(Container.java:4575)
	at java.desktop/java.awt.LightweightDispatcher.dispatchEvent(Container.java:4516)
	at java.desktop/java.awt.Container.dispatchEventImpl(Container.java:2310)
	at java.desktop/java.awt.Window.dispatchEventImpl(Window.java:2780)
	at java.desktop/java.awt.Component.dispatchEvent(Component.java:4828)
	at java.desktop/java.awt.EventQueue.dispatchEventImpl(EventQueue.java:775)
	at java.desktop/java.awt.EventQueue$4.run(EventQueue.java:720)
	at java.desktop/java.awt.EventQueue$4.run(EventQueue.java:714)
	at java.base/java.security.AccessController.doPrivileged(AccessController.java:400)
	at java.base/java.security.ProtectionDomain$JavaSecurityAccessImpl.doIntersectionPrivilege(ProtectionDomain.java:87)
	at java.base/java.security.ProtectionDomain$JavaSecurityAccessImpl.doIntersectionPrivilege(ProtectionDomain.java:98)
	at java.desktop/java.awt.EventQueue$5.run(EventQueue.java:747)
	at java.desktop/java.awt.EventQueue$5.run(EventQueue.java:745)
	at java.base/java.security.AccessController.doPrivileged(AccessController.java:400)
	at java.base/java.security.ProtectionDomain$JavaSecurityAccessImpl.doIntersectionPrivilege(ProtectionDomain.java:87)
	at java.desktop/java.awt.EventQueue.dispatchEvent(EventQueue.java:744)
	at java.desktop/java.awt.EventDispatchThread.pumpOneEventForFilters(EventDispatchThread.java:203)
	at java.desktop/java.awt.EventDispatchThread.pumpEventsForFilter(EventDispatchThread.java:124)
	at java.desktop/java.awt.EventDispatchThread.pumpEventsForHierarchy(EventDispatchThread.java:113)
	at java.desktop/java.awt.EventDispatchThread.pumpEvents(EventDispatchThread.java:109)
	at java.desktop/java.awt.EventDispatchThread.pumpEvents(EventDispatchThread.java:101)
	at java.desktop/java.awt.EventDispatchThread.run(EventDispatchThread.java:90)

mar 09, 2025 1:40:37 P. M. domain.Log record
SEVERE: domain.QuoriPOOBException: there must be 1 more wall to the size of the board
domain.QuoriPOOBException: there must be 1 more wall to the size of the board
	at domain.Quoridor.addWalls(Quoridor.java:285)
	at domain.QuoriPOOB.addWalls(QuoriPOOB.java:123)
	at presentation.QuoridorGUI.addWalls(QuoridorGUI.java:258)
	at presentation.SetUpGameGUI$4.actionPerformed(SetUpGameGUI.java:392)
	at java.desktop/javax.swing.AbstractButton.fireActionPerformed(AbstractButton.java:1972)
	at java.desktop/javax.swing.AbstractButton$Handler.actionPerformed(AbstractButton.java:2314)
	at java.desktop/javax.swing.DefaultButtonModel.fireActionPerformed(DefaultButtonModel.java:407)
	at java.desktop/javax.swing.DefaultButtonModel.setPressed(DefaultButtonModel.java:262)
	at java.desktop/javax.swing.plaf.basic.BasicButtonListener.mouseReleased(BasicButtonListener.java:279)
	at java.desktop/java.awt.AWTEventMulticaster.mouseReleased(AWTEventMulticaster.java:297)
	at java.desktop/java.awt.Component.processMouseEvent(Component.java:6621)
	at java.desktop/javax.swing.JComponent.processMouseEvent(JComponent.java:3398)
	at java.desktop/java.awt.Component.processEvent(Component.java:6386)
	at java.desktop/java.awt.Container.processEvent(Container.java:2266)
	at java.desktop/java.awt.Component.dispatchEventImpl(Component.java:4996)
	at java.desktop/java.awt.Container.dispatchEventImpl(Container.java:2324)
	at java.desktop/java.awt.Component.dispatchEvent(Component.java:4828)
	at java.desktop/java.awt.LightweightDispatcher.retargetMouseEvent(Container.java:4948)
	at java.desktop/java.awt.LightweightDispatcher.processMouseEvent(Container.java:4575)
	at java.desktop/java.awt.LightweightDispatcher.dispatchEvent(Container.java:4516)
	at java.desktop/java.awt.Container.dispatchEventImpl(Container.java:2310)
	at java.desktop/java.awt.Window.dispatchEventImpl(Window.java:2780)
	at java.desktop/java.awt.Component.dispatchEvent(Component.java:4828)
	at java.desktop/java.awt.EventQueue.dispatchEventImpl(EventQueue.java:775)
	at java.desktop/java.awt.EventQueue$4.run(EventQueue.java:720)
	at java.desktop/java.awt.EventQueue$4.run(EventQueue.java:714)
	at java.base/java.security.AccessController.doPrivileged(AccessController.java:400)
	at java.base/java.security.ProtectionDomain$JavaSecurityAccessImpl.doIntersectionPrivilege(ProtectionDomain.java:87)
	at java.base/java.security.ProtectionDomain$JavaSecurityAccessImpl.doIntersectionPrivilege(ProtectionDomain.java:98)
	at java.desktop/java.awt.EventQueue$5.run(EventQueue.java:747)
	at java.desktop/java.awt.EventQueue$5.run(EventQueue.java:745)
	at java.base/java.security.AccessController.doPrivileged(AccessController.java:400)
	at java.base/java.security.ProtectionDomain$JavaSecurityAccessImpl.doIntersectionPrivilege(ProtectionDomain.java:87)
	at java.desktop/java.awt.EventQueue.dispatchEvent(EventQueue.java:744)
	at java.desktop/java.awt.EventDispatchThread.pumpOneEventForFilters(EventDispatchThread.java:203)
	at java.desktop/java.awt.EventDispatchThread.pumpEventsForFilter(EventDispatchThread.java:124)
	at java.desktop/java.awt.EventDispatchThread.pumpEventsForHierarchy(EventDispatchThread.java:113)
	at java.desktop/java.awt.EventDispatchThread.pumpEvents(EventDispatchThread.java:109)
	at java.desktop/java.awt.EventDispatchThread.pumpEvents(EventDispatchThread.java:101)
	at java.desktop/java.awt.EventDispatchThread.run(EventDispatchThread.java:90)

mar 09, 2025 1:40:55 P. M. domain.Log record
SEVERE: domain.QuoriPOOBException: It cannot block the way of the token
domain.QuoriPOOBException: It cannot block the way of the token
	at domain.Player.addWallToBoard(Player.java:170)
	at domain.Advanced.putWall(Advanced.java:80)
	at domain.Advanced.play(Advanced.java:56)
	at domain.Advanced.moveToken(Advanced.java:33)
	at domain.Quoridor.playMachine(Quoridor.java:748)
	at java.base/java.util.concurrent.Executors$RunnableAdapter.call(Executors.java:572)
	at java.base/java.util.concurrent.FutureTask.run(FutureTask.java:317)
	at java.base/java.util.concurrent.ScheduledThreadPoolExecutor$ScheduledFutureTask.run(ScheduledThreadPoolExecutor.java:304)
	at java.base/java.util.concurrent.ThreadPoolExecutor.runWorker(ThreadPoolExecutor.java:1144)
	at java.base/java.util.concurrent.ThreadPoolExecutor$Worker.run(ThreadPoolExecutor.java:642)
	at java.base/java.lang.Thread.run(Thread.java:1570)

mar 09, 2025 1:40:55 P. M. domain.Log record
SEVERE: domain.QuoriPOOBException: There is already a wall in this square
domain.QuoriPOOBException: There is already a wall in this square
	at domain.Wall.validate(Wall.java:221)
	at domain.Wall.addWallToBoard(Wall.java:38)
	at domain.Player.addWallToBoard(Player.java:164)
	at domain.Advanced.putWall(Advanced.java:90)
	at domain.Advanced.play(Advanced.java:56)
	at domain.Advanced.moveToken(Advanced.java:33)
	at domain.Quoridor.playMachine(Quoridor.java:748)
	at java.base/java.util.concurrent.Executors$RunnableAdapter.call(Executors.java:572)
	at java.base/java.util.concurrent.FutureTask.run(FutureTask.java:317)
	at java.base/java.util.concurrent.ScheduledThreadPoolExecutor$ScheduledFutureTask.run(ScheduledThreadPoolExecutor.java:304)
	at java.base/java.util.concurrent.ThreadPoolExecutor.runWorker(ThreadPoolExecutor.java:1144)
	at java.base/java.util.concurrent.ThreadPoolExecutor$Worker.run(ThreadPoolExecutor.java:642)
	at java.base/java.lang.Thread.run(Thread.java:1570)

mar 09, 2025 1:40:55 P. M. domain.Log record
SEVERE: domain.QuoriPOOBException: It cannot block the way of the token
domain.QuoriPOOBException: It cannot block the way of the token
	at domain.Player.addWallToBoard(Player.java:170)
	at domain.Advanced.putWall(Advanced.java:80)
	at domain.Advanced.play(Advanced.java:56)
	at domain.Advanced.moveToken(Advanced.java:33)
	at domain.Quoridor.playMachine(Quoridor.java:748)
	at java.base/java.util.concurrent.Executors$RunnableAdapter.call(Executors.java:572)
	at java.base/java.util.concurrent.FutureTask.run(FutureTask.java:317)
	at java.base/java.util.concurrent.ScheduledThreadPoolExecutor$ScheduledFutureTask.run(ScheduledThreadPoolExecutor.java:304)
	at java.base/java.util.concurrent.ThreadPoolExecutor.runWorker(ThreadPoolExecutor.java:1144)
	at java.base/java.util.concurrent.ThreadPoolExecutor$Worker.run(ThreadPoolExecutor.java:642)
	at java.base/java.lang.Thread.run(Thread.java:1570)

mar 09, 2025 1:40:57 P. M. domain.Log record
SEVERE: domain.QuoriPOOBException: It cannot block the way of the token
domain.QuoriPOOBException: It cannot block the way of the token
	at domain.Player.addWallToBoard(Player.java:170)
	at domain.Advanced.putWall(Advanced.java:80)
	at domain.Advanced.play(Advanced.java:56)
	at domain.Advanced.addWallToBoard(Advanced.java:45)
	at domain.Quoridor.playMachine(Quoridor.java:746)
	at java.base/java.util.concurrent.Executors$RunnableAdapter.call(Executors.java:572)
	at java.base/java.util.concurrent.FutureTask.run(FutureTask.java:317)
	at java.base/java.util.concurrent.ScheduledThreadPoolExecutor$ScheduledFutureTask.run(ScheduledThreadPoolExecutor.java:304)
	at java.base/java.util.concurrent.ThreadPoolExecutor.runWorker(ThreadPoolExecutor.java:1144)
	at java.base/java.util.concurrent.ThreadPoolExecutor$Worker.run(ThreadPoolExecutor.java:642)
	at java.base/java.lang.Thread.run(Thread.java:1570)

mar 09, 2025 1:40:59 P. M. domain.Log record
SEVERE: domain.QuoriPOOBException: It cannot block the way of the token
domain.QuoriPOOBException: It cannot block the way of the token
	at domain.Player.addWallToBoard(Player.java:170)
	at domain.Advanced.putWall(Advanced.java:80)
	at domain.Advanced.play(Advanced.java:56)
	at domain.Advanced.addWallToBoard(Advanced.java:45)
	at domain.Quoridor.playMachine(Quoridor.java:746)
	at java.base/java.util.concurrent.Executors$RunnableAdapter.call(Executors.java:572)
	at java.base/java.util.concurrent.FutureTask.run(FutureTask.java:317)
	at java.base/java.util.concurrent.ScheduledThreadPoolExecutor$ScheduledFutureTask.run(ScheduledThreadPoolExecutor.java:304)
	at java.base/java.util.concurrent.ThreadPoolExecutor.runWorker(ThreadPoolExecutor.java:1144)
	at java.base/java.util.concurrent.ThreadPoolExecutor$Worker.run(ThreadPoolExecutor.java:642)
	at java.base/java.lang.Thread.run(Thread.java:1570)

mar 09, 2025 1:40:59 P. M. domain.Log record
SEVERE: domain.QuoriPOOBException: It cannot block the way of the token
domain.QuoriPOOBException: It cannot block the way of the token
	at domain.Player.addWallToBoard(Player.java:170)
	at domain.Advanced.putWall(Advanced.java:90)
	at domain.Advanced.play(Advanced.java:56)
	at domain.Advanced.addWallToBoard(Advanced.java:45)
	at domain.Quoridor.playMachine(Quoridor.java:746)
	at java.base/java.util.concurrent.Executors$RunnableAdapter.call(Executors.java:572)
	at java.base/java.util.concurrent.FutureTask.run(FutureTask.java:317)
	at java.base/java.util.concurrent.ScheduledThreadPoolExecutor$ScheduledFutureTask.run(ScheduledThreadPoolExecutor.java:304)
	at java.base/java.util.concurrent.ThreadPoolExecutor.runWorker(ThreadPoolExecutor.java:1144)
	at java.base/java.util.concurrent.ThreadPoolExecutor$Worker.run(ThreadPoolExecutor.java:642)
	at java.base/java.lang.Thread.run(Thread.java:1570)

mar 09, 2025 1:40:59 P. M. domain.Log record
SEVERE: domain.QuoriPOOBException: There is already a wall in this square
domain.QuoriPOOBException: There is already a wall in this square
	at domain.Wall.validate(Wall.java:216)
	at domain.Wall.addWallToBoard(Wall.java:38)
	at domain.Player.addWallToBoard(Player.java:164)
	at domain.Advanced.putWall(Advanced.java:80)
	at domain.Advanced.play(Advanced.java:56)
	at domain.Advanced.addWallToBoard(Advanced.java:45)
	at domain.Quoridor.playMachine(Quoridor.java:746)
	at java.base/java.util.concurrent.Executors$RunnableAdapter.call(Executors.java:572)
	at java.base/java.util.concurrent.FutureTask.run(FutureTask.java:317)
	at java.base/java.util.concurrent.ScheduledThreadPoolExecutor$ScheduledFutureTask.run(ScheduledThreadPoolExecutor.java:304)
	at java.base/java.util.concurrent.ThreadPoolExecutor.runWorker(ThreadPoolExecutor.java:1144)
	at java.base/java.util.concurrent.ThreadPoolExecutor$Worker.run(ThreadPoolExecutor.java:642)
	at java.base/java.lang.Thread.run(Thread.java:1570)

mar 09, 2025 1:40:59 P. M. domain.Log record
SEVERE: domain.QuoriPOOBException: It cannot block the way of the token
domain.QuoriPOOBException: It cannot block the way of the token
	at domain.Player.addWallToBoard(Player.java:170)
	at domain.Advanced.putWall(Advanced.java:90)
	at domain.Advanced.play(Advanced.java:56)
	at domain.Advanced.addWallToBoard(Advanced.java:45)
	at domain.Quoridor.playMachine(Quoridor.java:746)
	at java.base/java.util.concurrent.Executors$RunnableAdapter.call(Executors.java:572)
	at java.base/java.util.concurrent.FutureTask.run(FutureTask.java:317)
	at java.base/java.util.concurrent.ScheduledThreadPoolExecutor$ScheduledFutureTask.run(ScheduledThreadPoolExecutor.java:304)
	at java.base/java.util.concurrent.ThreadPoolExecutor.runWorker(ThreadPoolExecutor.java:1144)
	at java.base/java.util.concurrent.ThreadPoolExecutor$Worker.run(ThreadPoolExecutor.java:642)
	at java.base/java.lang.Thread.run(Thread.java:1570)

mar 09, 2025 1:40:59 P. M. domain.Log record
SEVERE: domain.QuoriPOOBException: The wall can not be placed out of the board
domain.QuoriPOOBException: The wall can not be placed out of the board
	at domain.Wall.validate(Wall.java:206)
	at domain.Wall.addWallToBoard(Wall.java:38)
	at domain.Player.addWallToBoard(Player.java:164)
	at domain.Advanced.putWall(Advanced.java:80)
	at domain.Advanced.play(Advanced.java:56)
	at domain.Advanced.addWallToBoard(Advanced.java:45)
	at domain.Quoridor.playMachine(Quoridor.java:746)
	at java.base/java.util.concurrent.Executors$RunnableAdapter.call(Executors.java:572)
	at java.base/java.util.concurrent.FutureTask.run(FutureTask.java:317)
	at java.base/java.util.concurrent.ScheduledThreadPoolExecutor$ScheduledFutureTask.run(ScheduledThreadPoolExecutor.java:304)
	at java.base/java.util.concurrent.ThreadPoolExecutor.runWorker(ThreadPoolExecutor.java:1144)
	at java.base/java.util.concurrent.ThreadPoolExecutor$Worker.run(ThreadPoolExecutor.java:642)
	at java.base/java.lang.Thread.run(Thread.java:1570)

mar 09, 2025 1:40:59 P. M. domain.Log record
SEVERE: domain.QuoriPOOBException: It cannot block the way of the token
domain.QuoriPOOBException: It cannot block the way of the token
	at domain.Player.addWallToBoard(Player.java:170)
	at domain.Advanced.putWall(Advanced.java:90)
	at domain.Advanced.play(Advanced.java:56)
	at domain.Advanced.addWallToBoard(Advanced.java:45)
	at domain.Quoridor.playMachine(Quoridor.java:746)
	at java.base/java.util.concurrent.Executors$RunnableAdapter.call(Executors.java:572)
	at java.base/java.util.concurrent.FutureTask.run(FutureTask.java:317)
	at java.base/java.util.concurrent.ScheduledThreadPoolExecutor$ScheduledFutureTask.run(ScheduledThreadPoolExecutor.java:304)
	at java.base/java.util.concurrent.ThreadPoolExecutor.runWorker(ThreadPoolExecutor.java:1144)
	at java.base/java.util.concurrent.ThreadPoolExecutor$Worker.run(ThreadPoolExecutor.java:642)
	at java.base/java.lang.Thread.run(Thread.java:1570)

mar 09, 2025 1:40:59 P. M. domain.Log record
SEVERE: domain.QuoriPOOBException: The wall can not be placed out of the board
domain.QuoriPOOBException: The wall can not be placed out of the board
	at domain.Wall.validate(Wall.java:206)
	at domain.Wall.addWallToBoard(Wall.java:38)
	at domain.Player.addWallToBoard(Player.java:164)
	at domain.Advanced.putWall(Advanced.java:80)
	at domain.Advanced.play(Advanced.java:56)
	at domain.Advanced.addWallToBoard(Advanced.java:45)
	at domain.Quoridor.playMachine(Quoridor.java:746)
	at java.base/java.util.concurrent.Executors$RunnableAdapter.call(Executors.java:572)
	at java.base/java.util.concurrent.FutureTask.run(FutureTask.java:317)
	at java.base/java.util.concurrent.ScheduledThreadPoolExecutor$ScheduledFutureTask.run(ScheduledThreadPoolExecutor.java:304)
	at java.base/java.util.concurrent.ThreadPoolExecutor.runWorker(ThreadPoolExecutor.java:1144)
	at java.base/java.util.concurrent.ThreadPoolExecutor$Worker.run(ThreadPoolExecutor.java:642)
	at java.base/java.lang.Thread.run(Thread.java:1570)

mar 09, 2025 1:40:59 P. M. domain.Log record
SEVERE: domain.QuoriPOOBException: There is already a wall in this square
domain.QuoriPOOBException: There is already a wall in this square
	at domain.Wall.validate(Wall.java:221)
	at domain.Wall.addWallToBoard(Wall.java:38)
	at domain.Player.addWallToBoard(Player.java:164)
	at domain.Advanced.putWall(Advanced.java:90)
	at domain.Advanced.play(Advanced.java:56)
	at domain.Advanced.addWallToBoard(Advanced.java:45)
	at domain.Quoridor.playMachine(Quoridor.java:746)
	at java.base/java.util.concurrent.Executors$RunnableAdapter.call(Executors.java:572)
	at java.base/java.util.concurrent.FutureTask.run(FutureTask.java:317)
	at java.base/java.util.concurrent.ScheduledThreadPoolExecutor$ScheduledFutureTask.run(ScheduledThreadPoolExecutor.java:304)
	at java.base/java.util.concurrent.ThreadPoolExecutor.runWorker(ThreadPoolExecutor.java:1144)
	at java.base/java.util.concurrent.ThreadPoolExecutor$Worker.run(ThreadPoolExecutor.java:642)
	at java.base/java.lang.Thread.run(Thread.java:1570)

mar 09, 2025 1:40:59 P. M. domain.Log record
SEVERE: domain.QuoriPOOBException: The wall can not be placed out of the board
domain.QuoriPOOBException: The wall can not be placed out of the board
	at domain.Wall.validate(Wall.java:206)
	at domain.Wall.addWallToBoard(Wall.java:38)
	at domain.Player.addWallToBoard(Player.java:164)
	at domain.Advanced.putWall(Advanced.java:80)
	at domain.Advanced.play(Advanced.java:56)
	at domain.Advanced.addWallToBoard(Advanced.java:45)
	at domain.Quoridor.playMachine(Quoridor.java:746)
	at java.base/java.util.concurrent.Executors$RunnableAdapter.call(Executors.java:572)
	at java.base/java.util.concurrent.FutureTask.run(FutureTask.java:317)
	at java.base/java.util.concurrent.ScheduledThreadPoolExecutor$ScheduledFutureTask.run(ScheduledThreadPoolExecutor.java:304)
	at java.base/java.util.concurrent.ThreadPoolExecutor.runWorker(ThreadPoolExecutor.java:1144)
	at java.base/java.util.concurrent.ThreadPoolExecutor$Worker.run(ThreadPoolExecutor.java:642)
	at java.base/java.lang.Thread.run(Thread.java:1570)

mar 09, 2025 1:40:59 P. M. domain.Log record
SEVERE: domain.QuoriPOOBException: There is already a wall in this square
domain.QuoriPOOBException: There is already a wall in this square
	at domain.Wall.validate(Wall.java:211)
	at domain.Wall.addWallToBoard(Wall.java:38)
	at domain.Player.addWallToBoard(Player.java:164)
	at domain.Advanced.putWall(Advanced.java:90)
	at domain.Advanced.play(Advanced.java:56)
	at domain.Advanced.addWallToBoard(Advanced.java:45)
	at domain.Quoridor.playMachine(Quoridor.java:746)
	at java.base/java.util.concurrent.Executors$RunnableAdapter.call(Executors.java:572)
	at java.base/java.util.concurrent.FutureTask.run(FutureTask.java:317)
	at java.base/java.util.concurrent.ScheduledThreadPoolExecutor$ScheduledFutureTask.run(ScheduledThreadPoolExecutor.java:304)
	at java.base/java.util.concurrent.ThreadPoolExecutor.runWorker(ThreadPoolExecutor.java:1144)
	at java.base/java.util.concurrent.ThreadPoolExecutor$Worker.run(ThreadPoolExecutor.java:642)
	at java.base/java.lang.Thread.run(Thread.java:1570)

mar 09, 2025 1:40:59 P. M. domain.Log record
SEVERE: domain.QuoriPOOBException: The wall can not be placed out of the board
domain.QuoriPOOBException: The wall can not be placed out of the board
	at domain.Wall.validate(Wall.java:206)
	at domain.Wall.addWallToBoard(Wall.java:38)
	at domain.Player.addWallToBoard(Player.java:164)
	at domain.Advanced.putWall(Advanced.java:80)
	at domain.Advanced.play(Advanced.java:56)
	at domain.Advanced.addWallToBoard(Advanced.java:45)
	at domain.Quoridor.playMachine(Quoridor.java:746)
	at java.base/java.util.concurrent.Executors$RunnableAdapter.call(Executors.java:572)
	at java.base/java.util.concurrent.FutureTask.run(FutureTask.java:317)
	at java.base/java.util.concurrent.ScheduledThreadPoolExecutor$ScheduledFutureTask.run(ScheduledThreadPoolExecutor.java:304)
	at java.base/java.util.concurrent.ThreadPoolExecutor.runWorker(ThreadPoolExecutor.java:1144)
	at java.base/java.util.concurrent.ThreadPoolExecutor$Worker.run(ThreadPoolExecutor.java:642)
	at java.base/java.lang.Thread.run(Thread.java:1570)

mar 09, 2025 1:40:59 P. M. domain.Log record
SEVERE: domain.QuoriPOOBException: There is already a wall in this square
domain.QuoriPOOBException: There is already a wall in this square
	at domain.Wall.validate(Wall.java:211)
	at domain.Wall.addWallToBoard(Wall.java:38)
	at domain.Player.addWallToBoard(Player.java:164)
	at domain.Advanced.putWall(Advanced.java:90)
	at domain.Advanced.play(Advanced.java:56)
	at domain.Advanced.addWallToBoard(Advanced.java:45)
	at domain.Quoridor.playMachine(Quoridor.java:746)
	at java.base/java.util.concurrent.Executors$RunnableAdapter.call(Executors.java:572)
	at java.base/java.util.concurrent.FutureTask.run(FutureTask.java:317)
	at java.base/java.util.concurrent.ScheduledThreadPoolExecutor$ScheduledFutureTask.run(ScheduledThreadPoolExecutor.java:304)
	at java.base/java.util.concurrent.ThreadPoolExecutor.runWorker(ThreadPoolExecutor.java:1144)
	at java.base/java.util.concurrent.ThreadPoolExecutor$Worker.run(ThreadPoolExecutor.java:642)
	at java.base/java.lang.Thread.run(Thread.java:1570)

mar 09, 2025 1:40:59 P. M. domain.Log record
SEVERE: domain.QuoriPOOBException: The wall can not be placed out of the board
domain.QuoriPOOBException: The wall can not be placed out of the board
	at domain.Wall.validate(Wall.java:206)
	at domain.Wall.addWallToBoard(Wall.java:38)
	at domain.Player.addWallToBoard(Player.java:164)
	at domain.Advanced.putWall(Advanced.java:80)
	at domain.Advanced.play(Advanced.java:56)
	at domain.Advanced.addWallToBoard(Advanced.java:45)
	at domain.Quoridor.playMachine(Quoridor.java:746)
	at java.base/java.util.concurrent.Executors$RunnableAdapter.call(Executors.java:572)
	at java.base/java.util.concurrent.FutureTask.run(FutureTask.java:317)
	at java.base/java.util.concurrent.ScheduledThreadPoolExecutor$ScheduledFutureTask.run(ScheduledThreadPoolExecutor.java:304)
	at java.base/java.util.concurrent.ThreadPoolExecutor.runWorker(ThreadPoolExecutor.java:1144)
	at java.base/java.util.concurrent.ThreadPoolExecutor$Worker.run(ThreadPoolExecutor.java:642)
	at java.base/java.lang.Thread.run(Thread.java:1570)

mar 09, 2025 1:40:59 P. M. domain.Log record
SEVERE: domain.QuoriPOOBException: There is already a wall in this square
domain.QuoriPOOBException: There is already a wall in this square
	at domain.Wall.validate(Wall.java:211)
	at domain.Wall.addWallToBoard(Wall.java:38)
	at domain.Player.addWallToBoard(Player.java:164)
	at domain.Advanced.putWall(Advanced.java:90)
	at domain.Advanced.play(Advanced.java:56)
	at domain.Advanced.addWallToBoard(Advanced.java:45)
	at domain.Quoridor.playMachine(Quoridor.java:746)
	at java.base/java.util.concurrent.Executors$RunnableAdapter.call(Executors.java:572)
	at java.base/java.util.concurrent.FutureTask.run(FutureTask.java:317)
	at java.base/java.util.concurrent.ScheduledThreadPoolExecutor$ScheduledFutureTask.run(ScheduledThreadPoolExecutor.java:304)
	at java.base/java.util.concurrent.ThreadPoolExecutor.runWorker(ThreadPoolExecutor.java:1144)
	at java.base/java.util.concurrent.ThreadPoolExecutor$Worker.run(ThreadPoolExecutor.java:642)
	at java.base/java.lang.Thread.run(Thread.java:1570)

mar 09, 2025 1:40:59 P. M. domain.Log record
SEVERE: domain.QuoriPOOBException: The wall can not be placed out of the board
domain.QuoriPOOBException: The wall can not be placed out of the board
	at domain.Wall.validate(Wall.java:206)
	at domain.Wall.addWallToBoard(Wall.java:38)
	at domain.Player.addWallToBoard(Player.java:164)
	at domain.Advanced.putWall(Advanced.java:80)
	at domain.Advanced.play(Advanced.java:56)
	at domain.Advanced.addWallToBoard(Advanced.java:45)
	at domain.Quoridor.playMachine(Quoridor.java:746)
	at java.base/java.util.concurrent.Executors$RunnableAdapter.call(Executors.java:572)
	at java.base/java.util.concurrent.FutureTask.run(FutureTask.java:317)
	at java.base/java.util.concurrent.ScheduledThreadPoolExecutor$ScheduledFutureTask.run(ScheduledThreadPoolExecutor.java:304)
	at java.base/java.util.concurrent.ThreadPoolExecutor.runWorker(ThreadPoolExecutor.java:1144)
	at java.base/java.util.concurrent.ThreadPoolExecutor$Worker.run(ThreadPoolExecutor.java:642)
	at java.base/java.lang.Thread.run(Thread.java:1570)

mar 09, 2025 1:40:59 P. M. domain.Log record
SEVERE: domain.QuoriPOOBException: It cannot block the way of the token
domain.QuoriPOOBException: It cannot block the way of the token
	at domain.Player.addWallToBoard(Player.java:170)
	at domain.Advanced.putWall(Advanced.java:90)
	at domain.Advanced.play(Advanced.java:56)
	at domain.Advanced.addWallToBoard(Advanced.java:45)
	at domain.Quoridor.playMachine(Quoridor.java:746)
	at java.base/java.util.concurrent.Executors$RunnableAdapter.call(Executors.java:572)
	at java.base/java.util.concurrent.FutureTask.run(FutureTask.java:317)
	at java.base/java.util.concurrent.ScheduledThreadPoolExecutor$ScheduledFutureTask.run(ScheduledThreadPoolExecutor.java:304)
	at java.base/java.util.concurrent.ThreadPoolExecutor.runWorker(ThreadPoolExecutor.java:1144)
	at java.base/java.util.concurrent.ThreadPoolExecutor$Worker.run(ThreadPoolExecutor.java:642)
	at java.base/java.lang.Thread.run(Thread.java:1570)

mar 09, 2025 1:40:59 P. M. domain.Log record
SEVERE: domain.QuoriPOOBException: The wall can not be placed out of the board
domain.QuoriPOOBException: The wall can not be placed out of the board
	at domain.Wall.validate(Wall.java:206)
	at domain.Wall.addWallToBoard(Wall.java:38)
	at domain.Player.addWallToBoard(Player.java:164)
	at domain.Advanced.putWall(Advanced.java:80)
	at domain.Advanced.play(Advanced.java:56)
	at domain.Advanced.addWallToBoard(Advanced.java:45)
	at domain.Quoridor.playMachine(Quoridor.java:746)
	at java.base/java.util.concurrent.Executors$RunnableAdapter.call(Executors.java:572)
	at java.base/java.util.concurrent.FutureTask.run(FutureTask.java:317)
	at java.base/java.util.concurrent.ScheduledThreadPoolExecutor$ScheduledFutureTask.run(ScheduledThreadPoolExecutor.java:304)
	at java.base/java.util.concurrent.ThreadPoolExecutor.runWorker(ThreadPoolExecutor.java:1144)
	at java.base/java.util.concurrent.ThreadPoolExecutor$Worker.run(ThreadPoolExecutor.java:642)
	at java.base/java.lang.Thread.run(Thread.java:1570)

mar 09, 2025 1:41:03 P. M. domain.Log record
SEVERE: domain.QuoriPOOBException: The wall can not be placed out of the board
domain.QuoriPOOBException: The wall can not be placed out of the board
	at domain.Wall.validate(Wall.java:206)
	at domain.Wall.addWallToBoard(Wall.java:38)
	at domain.Player.addWallToBoard(Player.java:164)
	at domain.Advanced.putWall(Advanced.java:80)
	at domain.Advanced.play(Advanced.java:56)
	at domain.Advanced.moveToken(Advanced.java:33)
	at domain.Quoridor.playMachine(Quoridor.java:748)
	at java.base/java.util.concurrent.Executors$RunnableAdapter.call(Executors.java:572)
	at java.base/java.util.concurrent.FutureTask.run(FutureTask.java:317)
	at java.base/java.util.concurrent.ScheduledThreadPoolExecutor$ScheduledFutureTask.run(ScheduledThreadPoolExecutor.java:304)
	at java.base/java.util.concurrent.ThreadPoolExecutor.runWorker(ThreadPoolExecutor.java:1144)
	at java.base/java.util.concurrent.ThreadPoolExecutor$Worker.run(ThreadPoolExecutor.java:642)
	at java.base/java.lang.Thread.run(Thread.java:1570)

mar 09, 2025 1:41:03 P. M. domain.Log record
SEVERE: domain.QuoriPOOBException: It cannot block the way of the token
domain.QuoriPOOBException: It cannot block the way of the token
	at domain.Player.addWallToBoard(Player.java:170)
	at domain.Advanced.putWall(Advanced.java:90)
	at domain.Advanced.play(Advanced.java:56)
	at domain.Advanced.moveToken(Advanced.java:33)
	at domain.Quoridor.playMachine(Quoridor.java:748)
	at java.base/java.util.concurrent.Executors$RunnableAdapter.call(Executors.java:572)
	at java.base/java.util.concurrent.FutureTask.run(FutureTask.java:317)
	at java.base/java.util.concurrent.ScheduledThreadPoolExecutor$ScheduledFutureTask.run(ScheduledThreadPoolExecutor.java:304)
	at java.base/java.util.concurrent.ThreadPoolExecutor.runWorker(ThreadPoolExecutor.java:1144)
	at java.base/java.util.concurrent.ThreadPoolExecutor$Worker.run(ThreadPoolExecutor.java:642)
	at java.base/java.lang.Thread.run(Thread.java:1570)

mar 09, 2025 1:41:03 P. M. domain.Log record
SEVERE: domain.QuoriPOOBException: The wall can not be placed out of the board
domain.QuoriPOOBException: The wall can not be placed out of the board
	at domain.Wall.validate(Wall.java:206)
	at domain.Wall.addWallToBoard(Wall.java:38)
	at domain.Player.addWallToBoard(Player.java:164)
	at domain.Advanced.putWall(Advanced.java:80)
	at domain.Advanced.play(Advanced.java:56)
	at domain.Advanced.moveToken(Advanced.java:33)
	at domain.Quoridor.playMachine(Quoridor.java:748)
	at java.base/java.util.concurrent.Executors$RunnableAdapter.call(Executors.java:572)
	at java.base/java.util.concurrent.FutureTask.run(FutureTask.java:317)
	at java.base/java.util.concurrent.ScheduledThreadPoolExecutor$ScheduledFutureTask.run(ScheduledThreadPoolExecutor.java:304)
	at java.base/java.util.concurrent.ThreadPoolExecutor.runWorker(ThreadPoolExecutor.java:1144)
	at java.base/java.util.concurrent.ThreadPoolExecutor$Worker.run(ThreadPoolExecutor.java:642)
	at java.base/java.lang.Thread.run(Thread.java:1570)

mar 09, 2025 1:41:03 P. M. domain.Log record
SEVERE: domain.QuoriPOOBException: There is already a wall in this square
domain.QuoriPOOBException: There is already a wall in this square
	at domain.Wall.validate(Wall.java:221)
	at domain.Wall.addWallToBoard(Wall.java:38)
	at domain.Player.addWallToBoard(Player.java:164)
	at domain.Advanced.putWall(Advanced.java:90)
	at domain.Advanced.play(Advanced.java:56)
	at domain.Advanced.moveToken(Advanced.java:33)
	at domain.Quoridor.playMachine(Quoridor.java:748)
	at java.base/java.util.concurrent.Executors$RunnableAdapter.call(Executors.java:572)
	at java.base/java.util.concurrent.FutureTask.run(FutureTask.java:317)
	at java.base/java.util.concurrent.ScheduledThreadPoolExecutor$ScheduledFutureTask.run(ScheduledThreadPoolExecutor.java:304)
	at java.base/java.util.concurrent.ThreadPoolExecutor.runWorker(ThreadPoolExecutor.java:1144)
	at java.base/java.util.concurrent.ThreadPoolExecutor$Worker.run(ThreadPoolExecutor.java:642)
	at java.base/java.lang.Thread.run(Thread.java:1570)

mar 09, 2025 1:41:03 P. M. domain.Log record
SEVERE: domain.QuoriPOOBException: The wall can not be placed out of the board
domain.QuoriPOOBException: The wall can not be placed out of the board
	at domain.Wall.validate(Wall.java:206)
	at domain.Wall.addWallToBoard(Wall.java:38)
	at domain.Player.addWallToBoard(Player.java:164)
	at domain.Advanced.putWall(Advanced.java:80)
	at domain.Advanced.play(Advanced.java:56)
	at domain.Advanced.moveToken(Advanced.java:33)
	at domain.Quoridor.playMachine(Quoridor.java:748)
	at java.base/java.util.concurrent.Executors$RunnableAdapter.call(Executors.java:572)
	at java.base/java.util.concurrent.FutureTask.run(FutureTask.java:317)
	at java.base/java.util.concurrent.ScheduledThreadPoolExecutor$ScheduledFutureTask.run(ScheduledThreadPoolExecutor.java:304)
	at java.base/java.util.concurrent.ThreadPoolExecutor.runWorker(ThreadPoolExecutor.java:1144)
	at java.base/java.util.concurrent.ThreadPoolExecutor$Worker.run(ThreadPoolExecutor.java:642)
	at java.base/java.lang.Thread.run(Thread.java:1570)

mar 09, 2025 1:41:03 P. M. domain.Log record
SEVERE: domain.QuoriPOOBException: There is already a wall in this square
domain.QuoriPOOBException: There is already a wall in this square
	at domain.Wall.validate(Wall.java:211)
	at domain.Wall.addWallToBoard(Wall.java:38)
	at domain.Player.addWallToBoard(Player.java:164)
	at domain.Advanced.putWall(Advanced.java:90)
	at domain.Advanced.play(Advanced.java:56)
	at domain.Advanced.moveToken(Advanced.java:33)
	at domain.Quoridor.playMachine(Quoridor.java:748)
	at java.base/java.util.concurrent.Executors$RunnableAdapter.call(Executors.java:572)
	at java.base/java.util.concurrent.FutureTask.run(FutureTask.java:317)
	at java.base/java.util.concurrent.ScheduledThreadPoolExecutor$ScheduledFutureTask.run(ScheduledThreadPoolExecutor.java:304)
	at java.base/java.util.concurrent.ThreadPoolExecutor.runWorker(ThreadPoolExecutor.java:1144)
	at java.base/java.util.concurrent.ThreadPoolExecutor$Worker.run(ThreadPoolExecutor.java:642)
	at java.base/java.lang.Thread.run(Thread.java:1570)

mar 09, 2025 1:41:03 P. M. domain.Log record
SEVERE: domain.QuoriPOOBException: The wall can not be placed out of the board
domain.QuoriPOOBException: The wall can not be placed out of the board
	at domain.Wall.validate(Wall.java:206)
	at domain.Wall.addWallToBoard(Wall.java:38)
	at domain.Player.addWallToBoard(Player.java:164)
	at domain.Advanced.putWall(Advanced.java:80)
	at domain.Advanced.play(Advanced.java:56)
	at domain.Advanced.moveToken(Advanced.java:33)
	at domain.Quoridor.playMachine(Quoridor.java:748)
	at java.base/java.util.concurrent.Executors$RunnableAdapter.call(Executors.java:572)
	at java.base/java.util.concurrent.FutureTask.run(FutureTask.java:317)
	at java.base/java.util.concurrent.ScheduledThreadPoolExecutor$ScheduledFutureTask.run(ScheduledThreadPoolExecutor.java:304)
	at java.base/java.util.concurrent.ThreadPoolExecutor.runWorker(ThreadPoolExecutor.java:1144)
	at java.base/java.util.concurrent.ThreadPoolExecutor$Worker.run(ThreadPoolExecutor.java:642)
	at java.base/java.lang.Thread.run(Thread.java:1570)

mar 09, 2025 1:41:03 P. M. domain.Log record
SEVERE: domain.QuoriPOOBException: There is already a wall in this square
domain.QuoriPOOBException: There is already a wall in this square
	at domain.Wall.validate(Wall.java:211)
	at domain.Wall.addWallToBoard(Wall.java:38)
	at domain.Player.addWallToBoard(Player.java:164)
	at domain.Advanced.putWall(Advanced.java:90)
	at domain.Advanced.play(Advanced.java:56)
	at domain.Advanced.moveToken(Advanced.java:33)
	at domain.Quoridor.playMachine(Quoridor.java:748)
	at java.base/java.util.concurrent.Executors$RunnableAdapter.call(Executors.java:572)
	at java.base/java.util.concurrent.FutureTask.run(FutureTask.java:317)
	at java.base/java.util.concurrent.ScheduledThreadPoolExecutor$ScheduledFutureTask.run(ScheduledThreadPoolExecutor.java:304)
	at java.base/java.util.concurrent.ThreadPoolExecutor.runWorker(ThreadPoolExecutor.java:1144)
	at java.base/java.util.concurrent.ThreadPoolExecutor$Worker.run(ThreadPoolExecutor.java:642)
	at java.base/java.lang.Thread.run(Thread.java:1570)

mar 09, 2025 1:41:03 P. M. domain.Log record
SEVERE: domain.QuoriPOOBException: The wall can not be placed out of the board
domain.QuoriPOOBException: The wall can not be placed out of the board
	at domain.Wall.validate(Wall.java:206)
	at domain.Wall.addWallToBoard(Wall.java:38)
	at domain.Player.addWallToBoard(Player.java:164)
	at domain.Advanced.putWall(Advanced.java:80)
	at domain.Advanced.play(Advanced.java:56)
	at domain.Advanced.moveToken(Advanced.java:33)
	at domain.Quoridor.playMachine(Quoridor.java:748)
	at java.base/java.util.concurrent.Executors$RunnableAdapter.call(Executors.java:572)
	at java.base/java.util.concurrent.FutureTask.run(FutureTask.java:317)
	at java.base/java.util.concurrent.ScheduledThreadPoolExecutor$ScheduledFutureTask.run(ScheduledThreadPoolExecutor.java:304)
	at java.base/java.util.concurrent.ThreadPoolExecutor.runWorker(ThreadPoolExecutor.java:1144)
	at java.base/java.util.concurrent.ThreadPoolExecutor$Worker.run(ThreadPoolExecutor.java:642)
	at java.base/java.lang.Thread.run(Thread.java:1570)

mar 09, 2025 1:41:03 P. M. domain.Log record
SEVERE: domain.QuoriPOOBException: There is already a wall in this square
domain.QuoriPOOBException: There is already a wall in this square
	at domain.Wall.validate(Wall.java:211)
	at domain.Wall.addWallToBoard(Wall.java:38)
	at domain.Player.addWallToBoard(Player.java:164)
	at domain.Advanced.putWall(Advanced.java:90)
	at domain.Advanced.play(Advanced.java:56)
	at domain.Advanced.moveToken(Advanced.java:33)
	at domain.Quoridor.playMachine(Quoridor.java:748)
	at java.base/java.util.concurrent.Executors$RunnableAdapter.call(Executors.java:572)
	at java.base/java.util.concurrent.FutureTask.run(FutureTask.java:317)
	at java.base/java.util.concurrent.ScheduledThreadPoolExecutor$ScheduledFutureTask.run(ScheduledThreadPoolExecutor.java:304)
	at java.base/java.util.concurrent.ThreadPoolExecutor.runWorker(ThreadPoolExecutor.java:1144)
	at java.base/java.util.concurrent.ThreadPoolExecutor$Worker.run(ThreadPoolExecutor.java:642)
	at java.base/java.lang.Thread.run(Thread.java:1570)

mar 09, 2025 1:41:03 P. M. domain.Log record
SEVERE: domain.QuoriPOOBException: The wall can not be placed out of the board
domain.QuoriPOOBException: The wall can not be placed out of the board
	at domain.Wall.validate(Wall.java:206)
	at domain.Wall.addWallToBoard(Wall.java:38)
	at domain.Player.addWallToBoard(Player.java:164)
	at domain.Advanced.putWall(Advanced.java:80)
	at domain.Advanced.play(Advanced.java:56)
	at domain.Advanced.moveToken(Advanced.java:33)
	at domain.Quoridor.playMachine(Quoridor.java:748)
	at java.base/java.util.concurrent.Executors$RunnableAdapter.call(Executors.java:572)
	at java.base/java.util.concurrent.FutureTask.run(FutureTask.java:317)
	at java.base/java.util.concurrent.ScheduledThreadPoolExecutor$ScheduledFutureTask.run(ScheduledThreadPoolExecutor.java:304)
	at java.base/java.util.concurrent.ThreadPoolExecutor.runWorker(ThreadPoolExecutor.java:1144)
	at java.base/java.util.concurrent.ThreadPoolExecutor$Worker.run(ThreadPoolExecutor.java:642)
	at java.base/java.lang.Thread.run(Thread.java:1570)

mar 09, 2025 1:41:03 P. M. domain.Log record
SEVERE: domain.QuoriPOOBException: It cannot block the way of the token
domain.QuoriPOOBException: It cannot block the way of the token
	at domain.Player.addWallToBoard(Player.java:170)
	at domain.Advanced.putWall(Advanced.java:90)
	at domain.Advanced.play(Advanced.java:56)
	at domain.Advanced.moveToken(Advanced.java:33)
	at domain.Quoridor.playMachine(Quoridor.java:748)
	at java.base/java.util.concurrent.Executors$RunnableAdapter.call(Executors.java:572)
	at java.base/java.util.concurrent.FutureTask.run(FutureTask.java:317)
	at java.base/java.util.concurrent.ScheduledThreadPoolExecutor$ScheduledFutureTask.run(ScheduledThreadPoolExecutor.java:304)
	at java.base/java.util.concurrent.ThreadPoolExecutor.runWorker(ThreadPoolExecutor.java:1144)
	at java.base/java.util.concurrent.ThreadPoolExecutor$Worker.run(ThreadPoolExecutor.java:642)
	at java.base/java.lang.Thread.run(Thread.java:1570)

mar 09, 2025 1:41:03 P. M. domain.Log record
SEVERE: domain.QuoriPOOBException: There is already a wall in this square
domain.QuoriPOOBException: There is already a wall in this square
	at domain.Wall.validate(Wall.java:216)
	at domain.Wall.addWallToBoard(Wall.java:38)
	at domain.Player.addWallToBoard(Player.java:164)
	at domain.Advanced.putWall(Advanced.java:80)
	at domain.Advanced.play(Advanced.java:56)
	at domain.Advanced.moveToken(Advanced.java:33)
	at domain.Quoridor.playMachine(Quoridor.java:748)
	at java.base/java.util.concurrent.Executors$RunnableAdapter.call(Executors.java:572)
	at java.base/java.util.concurrent.FutureTask.run(FutureTask.java:317)
	at java.base/java.util.concurrent.ScheduledThreadPoolExecutor$ScheduledFutureTask.run(ScheduledThreadPoolExecutor.java:304)
	at java.base/java.util.concurrent.ThreadPoolExecutor.runWorker(ThreadPoolExecutor.java:1144)
	at java.base/java.util.concurrent.ThreadPoolExecutor$Worker.run(ThreadPoolExecutor.java:642)
	at java.base/java.lang.Thread.run(Thread.java:1570)

mar 09, 2025 1:41:03 P. M. domain.Log record
SEVERE: domain.QuoriPOOBException: There is already a wall in this square
domain.QuoriPOOBException: There is already a wall in this square
	at domain.Wall.validate(Wall.java:221)
	at domain.Wall.addWallToBoard(Wall.java:38)
	at domain.Player.addWallToBoard(Player.java:164)
	at domain.Advanced.putWall(Advanced.java:90)
	at domain.Advanced.play(Advanced.java:56)
	at domain.Advanced.moveToken(Advanced.java:33)
	at domain.Quoridor.playMachine(Quoridor.java:748)
	at java.base/java.util.concurrent.Executors$RunnableAdapter.call(Executors.java:572)
	at java.base/java.util.concurrent.FutureTask.run(FutureTask.java:317)
	at java.base/java.util.concurrent.ScheduledThreadPoolExecutor$ScheduledFutureTask.run(ScheduledThreadPoolExecutor.java:304)
	at java.base/java.util.concurrent.ThreadPoolExecutor.runWorker(ThreadPoolExecutor.java:1144)
	at java.base/java.util.concurrent.ThreadPoolExecutor$Worker.run(ThreadPoolExecutor.java:642)
	at java.base/java.lang.Thread.run(Thread.java:1570)

mar 09, 2025 1:41:03 P. M. domain.Log record
SEVERE: domain.QuoriPOOBException: It cannot block the way of the token
domain.QuoriPOOBException: It cannot block the way of the token
	at domain.Player.addWallToBoard(Player.java:170)
	at domain.Advanced.putWall(Advanced.java:80)
	at domain.Advanced.play(Advanced.java:56)
	at domain.Advanced.moveToken(Advanced.java:33)
	at domain.Quoridor.playMachine(Quoridor.java:748)
	at java.base/java.util.concurrent.Executors$RunnableAdapter.call(Executors.java:572)
	at java.base/java.util.concurrent.FutureTask.run(FutureTask.java:317)
	at java.base/java.util.concurrent.ScheduledThreadPoolExecutor$ScheduledFutureTask.run(ScheduledThreadPoolExecutor.java:304)
	at java.base/java.util.concurrent.ThreadPoolExecutor.runWorker(ThreadPoolExecutor.java:1144)
	at java.base/java.util.concurrent.ThreadPoolExecutor$Worker.run(ThreadPoolExecutor.java:642)
	at java.base/java.lang.Thread.run(Thread.java:1570)

mar 09, 2025 1:41:06 P. M. domain.Log record
SEVERE: domain.QuoriPOOBException: The given start point and finish point of the graph are imppossible to connect by a path.
domain.QuoriPOOBException: The given start point and finish point of the graph are imppossible to connect by a path.
	at domain.Grafo.shortestWay(Grafo.java:82)
	at domain.Player.calculateMyShorestPath(Player.java:211)
	at domain.Advanced.play(Advanced.java:54)
	at domain.Advanced.addWallToBoard(Advanced.java:45)
	at domain.Quoridor.playMachine(Quoridor.java:746)
	at java.base/java.util.concurrent.Executors$RunnableAdapter.call(Executors.java:572)
	at java.base/java.util.concurrent.FutureTask.run(FutureTask.java:317)
	at java.base/java.util.concurrent.ScheduledThreadPoolExecutor$ScheduledFutureTask.run(ScheduledThreadPoolExecutor.java:304)
	at java.base/java.util.concurrent.ThreadPoolExecutor.runWorker(ThreadPoolExecutor.java:1144)
	at java.base/java.util.concurrent.ThreadPoolExecutor$Worker.run(ThreadPoolExecutor.java:642)
	at java.base/java.lang.Thread.run(Thread.java:1570)

mar 09, 2025 1:41:06 P. M. domain.Log record
SEVERE: domain.QuoriPOOBException: The given start point and finish point of the graph are imppossible to connect by a path.
domain.QuoriPOOBException: The given start point and finish point of the graph are imppossible to connect by a path.
	at domain.Grafo.shortestWay(Grafo.java:82)
	at domain.Player.calculateMyShorestPath(Player.java:211)
	at domain.Advanced.play(Advanced.java:54)
	at domain.Advanced.addWallToBoard(Advanced.java:45)
	at domain.Quoridor.playMachine(Quoridor.java:746)
	at java.base/java.util.concurrent.Executors$RunnableAdapter.call(Executors.java:572)
	at java.base/java.util.concurrent.FutureTask.run(FutureTask.java:317)
	at java.base/java.util.concurrent.ScheduledThreadPoolExecutor$ScheduledFutureTask.run(ScheduledThreadPoolExecutor.java:304)
	at java.base/java.util.concurrent.ThreadPoolExecutor.runWorker(ThreadPoolExecutor.java:1144)
	at java.base/java.util.concurrent.ThreadPoolExecutor$Worker.run(ThreadPoolExecutor.java:642)
	at java.base/java.lang.Thread.run(Thread.java:1570)

mar 09, 2025 1:41:07 P. M. domain.Log record
SEVERE: domain.QuoriPOOBException: The given start point and finish point of the graph are imppossible to connect by a path.
domain.QuoriPOOBException: The given start point and finish point of the graph are imppossible to connect by a path.
	at domain.Grafo.shortestWay(Grafo.java:82)
	at domain.Player.calculateMyShorestPath(Player.java:211)
	at domain.Advanced.play(Advanced.java:54)
	at domain.Advanced.addWallToBoard(Advanced.java:45)
	at domain.Quoridor.playMachine(Quoridor.java:746)
	at java.base/java.util.concurrent.Executors$RunnableAdapter.call(Executors.java:572)
	at java.base/java.util.concurrent.FutureTask.run(FutureTask.java:317)
	at java.base/java.util.concurrent.ScheduledThreadPoolExecutor$ScheduledFutureTask.run(ScheduledThreadPoolExecutor.java:304)
	at java.base/java.util.concurrent.ThreadPoolExecutor.runWorker(ThreadPoolExecutor.java:1144)
	at java.base/java.util.concurrent.ThreadPoolExecutor$Worker.run(ThreadPoolExecutor.java:642)
	at java.base/java.lang.Thread.run(Thread.java:1570)

mar 09, 2025 1:41:07 P. M. domain.Log record
SEVERE: domain.QuoriPOOBException: The given start point and finish point of the graph are imppossible to connect by a path.
domain.QuoriPOOBException: The given start point and finish point of the graph are imppossible to connect by a path.
	at domain.Grafo.shortestWay(Grafo.java:82)
	at domain.Player.calculateMyShorestPath(Player.java:211)
	at domain.Advanced.play(Advanced.java:54)
	at domain.Advanced.addWallToBoard(Advanced.java:45)
	at domain.Quoridor.playMachine(Quoridor.java:746)
	at java.base/java.util.concurrent.Executors$RunnableAdapter.call(Executors.java:572)
	at java.base/java.util.concurrent.FutureTask.run(FutureTask.java:317)
	at java.base/java.util.concurrent.ScheduledThreadPoolExecutor$ScheduledFutureTask.run(ScheduledThreadPoolExecutor.java:304)
	at java.base/java.util.concurrent.ThreadPoolExecutor.runWorker(ThreadPoolExecutor.java:1144)
	at java.base/java.util.concurrent.ThreadPoolExecutor$Worker.run(ThreadPoolExecutor.java:642)
	at java.base/java.lang.Thread.run(Thread.java:1570)

mar 09, 2025 1:41:09 P. M. domain.Log record
SEVERE: domain.QuoriPOOBException: The given start point and finish point of the graph are imppossible to connect by a path.
domain.QuoriPOOBException: The given start point and finish point of the graph are imppossible to connect by a path.
	at domain.Grafo.shortestWay(Grafo.java:82)
	at domain.Player.calculateMyShorestPath(Player.java:211)
	at domain.Advanced.play(Advanced.java:54)
	at domain.Advanced.addWallToBoard(Advanced.java:45)
	at domain.Quoridor.playMachine(Quoridor.java:746)
	at java.base/java.util.concurrent.Executors$RunnableAdapter.call(Executors.java:572)
	at java.base/java.util.concurrent.FutureTask.run(FutureTask.java:317)
	at java.base/java.util.concurrent.ScheduledThreadPoolExecutor$ScheduledFutureTask.run(ScheduledThreadPoolExecutor.java:304)
	at java.base/java.util.concurrent.ThreadPoolExecutor.runWorker(ThreadPoolExecutor.java:1144)
	at java.base/java.util.concurrent.ThreadPoolExecutor$Worker.run(ThreadPoolExecutor.java:642)
	at java.base/java.lang.Thread.run(Thread.java:1570)

mar 09, 2025 1:41:09 P. M. domain.Log record
SEVERE: domain.QuoriPOOBException: The given start point and finish point of the graph are imppossible to connect by a path.
domain.QuoriPOOBException: The given start point and finish point of the graph are imppossible to connect by a path.
	at domain.Grafo.shortestWay(Grafo.java:82)
	at domain.Player.calculateMyShorestPath(Player.java:211)
	at domain.Advanced.play(Advanced.java:54)
	at domain.Advanced.addWallToBoard(Advanced.java:45)
	at domain.Quoridor.playMachine(Quoridor.java:746)
	at java.base/java.util.concurrent.Executors$RunnableAdapter.call(Executors.java:572)
	at java.base/java.util.concurrent.FutureTask.run(FutureTask.java:317)
	at java.base/java.util.concurrent.ScheduledThreadPoolExecutor$ScheduledFutureTask.run(ScheduledThreadPoolExecutor.java:304)
	at java.base/java.util.concurrent.ThreadPoolExecutor.runWorker(ThreadPoolExecutor.java:1144)
	at java.base/java.util.concurrent.ThreadPoolExecutor$Worker.run(ThreadPoolExecutor.java:642)
	at java.base/java.lang.Thread.run(Thread.java:1570)

mar 09, 2025 1:41:09 P. M. domain.Log record
SEVERE: domain.QuoriPOOBException: The given start point and finish point of the graph are imppossible to connect by a path.
domain.QuoriPOOBException: The given start point and finish point of the graph are imppossible to connect by a path.
	at domain.Grafo.shortestWay(Grafo.java:82)
	at domain.Player.calculateMyShorestPath(Player.java:211)
	at domain.Advanced.play(Advanced.java:54)
	at domain.Advanced.moveToken(Advanced.java:33)
	at domain.Quoridor.moveToken(Quoridor.java:368)
	at domain.QuoriPOOB.moveToken(QuoriPOOB.java:152)
	at presentation.QuoridorGUI.moveToken(QuoridorGUI.java:262)
	at presentation.BoardGUI.handleKeyPress(BoardGUI.java:576)
	at presentation.BoardGUI$11.keyPressed(BoardGUI.java:566)
	at java.desktop/java.awt.Component.processKeyEvent(Component.java:6579)
	at java.desktop/javax.swing.JComponent.processKeyEvent(JComponent.java:2905)
	at java.desktop/java.awt.Component.processEvent(Component.java:6398)
	at java.desktop/java.awt.Container.processEvent(Container.java:2266)
	at java.desktop/java.awt.Component.dispatchEventImpl(Component.java:4996)
	at java.desktop/java.awt.Container.dispatchEventImpl(Container.java:2324)
	at java.desktop/java.awt.Component.dispatchEvent(Component.java:4828)
	at java.desktop/java.awt.KeyboardFocusManager.redispatchEvent(KeyboardFocusManager.java:1942)
	at java.desktop/java.awt.DefaultKeyboardFocusManager.dispatchKeyEvent(DefaultKeyboardFocusManager.java:883)
	at java.desktop/java.awt.DefaultKeyboardFocusManager.preDispatchKeyEvent(DefaultKeyboardFocusManager.java:1146)
	at java.desktop/java.awt.DefaultKeyboardFocusManager.typeAheadAssertions(DefaultKeyboardFocusManager.java:1020)
	at java.desktop/java.awt.DefaultKeyboardFocusManager.dispatchEvent(DefaultKeyboardFocusManager.java:848)
	at java.desktop/java.awt.Component.dispatchEventImpl(Component.java:4877)
	at java.desktop/java.awt.Container.dispatchEventImpl(Container.java:2324)
	at java.desktop/java.awt.Window.dispatchEventImpl(Window.java:2780)
	at java.desktop/java.awt.Component.dispatchEvent(Component.java:4828)
	at java.desktop/java.awt.EventQueue.dispatchEventImpl(EventQueue.java:775)
	at java.desktop/java.awt.EventQueue$4.run(EventQueue.java:720)
	at java.desktop/java.awt.EventQueue$4.run(EventQueue.java:714)
	at java.base/java.security.AccessController.doPrivileged(AccessController.java:400)
	at java.base/java.security.ProtectionDomain$JavaSecurityAccessImpl.doIntersectionPrivilege(ProtectionDomain.java:87)
	at java.base/java.security.ProtectionDomain$JavaSecurityAccessImpl.doIntersectionPrivilege(ProtectionDomain.java:98)
	at java.desktop/java.awt.EventQueue$5.run(EventQueue.java:747)
	at java.desktop/java.awt.EventQueue$5.run(EventQueue.java:745)
	at java.base/java.security.AccessController.doPrivileged(AccessController.java:400)
	at java.base/java.security.ProtectionDomain$JavaSecurityAccessImpl.doIntersectionPrivilege(ProtectionDomain.java:87)
	at java.desktop/java.awt.EventQueue.dispatchEvent(EventQueue.java:744)
	at java.desktop/java.awt.EventDispatchThread.pumpOneEventForFilters(EventDispatchThread.java:203)
	at java.desktop/java.awt.EventDispatchThread.pumpEventsForFilter(EventDispatchThread.java:124)
	at java.desktop/java.awt.EventDispatchThread.pumpEventsForHierarchy(EventDispatchThread.java:113)
	at java.desktop/java.awt.EventDispatchThread.pumpEvents(EventDispatchThread.java:109)
	at java.desktop/java.awt.EventDispatchThread.pumpEvents(EventDispatchThread.java:101)
	at java.desktop/java.awt.EventDispatchThread.run(EventDispatchThread.java:90)

mar 09, 2025 1:41:09 P. M. domain.Log record
SEVERE: domain.QuoriPOOBException: The given start point and finish point of the graph are imppossible to connect by a path.
domain.QuoriPOOBException: The given start point and finish point of the graph are imppossible to connect by a path.
	at domain.Grafo.shortestWay(Grafo.java:82)
	at domain.Player.calculateMyShorestPath(Player.java:211)
	at domain.Advanced.play(Advanced.java:54)
	at domain.Advanced.moveToken(Advanced.java:33)
	at domain.Quoridor.moveToken(Quoridor.java:368)
	at domain.QuoriPOOB.moveToken(QuoriPOOB.java:152)
	at presentation.QuoridorGUI.moveToken(QuoridorGUI.java:262)
	at presentation.BoardGUI.handleKeyPress(BoardGUI.java:576)
	at presentation.BoardGUI$11.keyPressed(BoardGUI.java:566)
	at java.desktop/java.awt.Component.processKeyEvent(Component.java:6579)
	at java.desktop/javax.swing.JComponent.processKeyEvent(JComponent.java:2905)
	at java.desktop/java.awt.Component.processEvent(Component.java:6398)
	at java.desktop/java.awt.Container.processEvent(Container.java:2266)
	at java.desktop/java.awt.Component.dispatchEventImpl(Component.java:4996)
	at java.desktop/java.awt.Container.dispatchEventImpl(Container.java:2324)
	at java.desktop/java.awt.Component.dispatchEvent(Component.java:4828)
	at java.desktop/java.awt.KeyboardFocusManager.redispatchEvent(KeyboardFocusManager.java:1942)
	at java.desktop/java.awt.DefaultKeyboardFocusManager.dispatchKeyEvent(DefaultKeyboardFocusManager.java:883)
	at java.desktop/java.awt.DefaultKeyboardFocusManager.preDispatchKeyEvent(DefaultKeyboardFocusManager.java:1146)
	at java.desktop/java.awt.DefaultKeyboardFocusManager.typeAheadAssertions(DefaultKeyboardFocusManager.java:1020)
	at java.desktop/java.awt.DefaultKeyboardFocusManager.dispatchEvent(DefaultKeyboardFocusManager.java:848)
	at java.desktop/java.awt.Component.dispatchEventImpl(Component.java:4877)
	at java.desktop/java.awt.Container.dispatchEventImpl(Container.java:2324)
	at java.desktop/java.awt.Window.dispatchEventImpl(Window.java:2780)
	at java.desktop/java.awt.Component.dispatchEvent(Component.java:4828)
	at java.desktop/java.awt.EventQueue.dispatchEventImpl(EventQueue.java:775)
	at java.desktop/java.awt.EventQueue$4.run(EventQueue.java:720)
	at java.desktop/java.awt.EventQueue$4.run(EventQueue.java:714)
	at java.base/java.security.AccessController.doPrivileged(AccessController.java:400)
	at java.base/java.security.ProtectionDomain$JavaSecurityAccessImpl.doIntersectionPrivilege(ProtectionDomain.java:87)
	at java.base/java.security.ProtectionDomain$JavaSecurityAccessImpl.doIntersectionPrivilege(ProtectionDomain.java:98)
	at java.desktop/java.awt.EventQueue$5.run(EventQueue.java:747)
	at java.desktop/java.awt.EventQueue$5.run(EventQueue.java:745)
	at java.base/java.security.AccessController.doPrivileged(AccessController.java:400)
	at java.base/java.security.ProtectionDomain$JavaSecurityAccessImpl.doIntersectionPrivilege(ProtectionDomain.java:87)
	at java.desktop/java.awt.EventQueue.dispatchEvent(EventQueue.java:744)
	at java.desktop/java.awt.EventDispatchThread.pumpOneEventForFilters(EventDispatchThread.java:203)
	at java.desktop/java.awt.EventDispatchThread.pumpEventsForFilter(EventDispatchThread.java:124)
	at java.desktop/java.awt.EventDispatchThread.pumpEventsForHierarchy(EventDispatchThread.java:113)
	at java.desktop/java.awt.EventDispatchThread.pumpEvents(EventDispatchThread.java:109)
	at java.desktop/java.awt.EventDispatchThread.pumpEvents(EventDispatchThread.java:101)
	at java.desktop/java.awt.EventDispatchThread.run(EventDispatchThread.java:90)

mar 09, 2025 1:41:10 P. M. domain.Log record
SEVERE: domain.QuoriPOOBException: The wall does not exist
domain.QuoriPOOBException: The wall does not exist
	at domain.Player.addWallToBoard(Player.java:145)
	at domain.Human.addWallToBoard(Human.java:38)
	at domain.Quoridor.playMachine(Quoridor.java:746)
	at java.base/java.util.concurrent.Executors$RunnableAdapter.call(Executors.java:572)
	at java.base/java.util.concurrent.FutureTask.run(FutureTask.java:317)
	at java.base/java.util.concurrent.ScheduledThreadPoolExecutor$ScheduledFutureTask.run(ScheduledThreadPoolExecutor.java:304)
	at java.base/java.util.concurrent.ThreadPoolExecutor.runWorker(ThreadPoolExecutor.java:1144)
	at java.base/java.util.concurrent.ThreadPoolExecutor$Worker.run(ThreadPoolExecutor.java:642)
	at java.base/java.lang.Thread.run(Thread.java:1570)

mar 09, 2025 1:41:12 P. M. domain.Log record
SEVERE: domain.QuoriPOOBException: The given start point and finish point of the graph are imppossible to connect by a path.
domain.QuoriPOOBException: The given start point and finish point of the graph are imppossible to connect by a path.
	at domain.Grafo.shortestWay(Grafo.java:82)
	at domain.Player.calculateMyShorestPath(Player.java:211)
	at domain.Advanced.play(Advanced.java:54)
	at domain.Advanced.addWallToBoard(Advanced.java:45)
	at domain.Quoridor.playMachine(Quoridor.java:746)
	at java.base/java.util.concurrent.Executors$RunnableAdapter.call(Executors.java:572)
	at java.base/java.util.concurrent.FutureTask.run(FutureTask.java:317)
	at java.base/java.util.concurrent.ScheduledThreadPoolExecutor$ScheduledFutureTask.run(ScheduledThreadPoolExecutor.java:304)
	at java.base/java.util.concurrent.ThreadPoolExecutor.runWorker(ThreadPoolExecutor.java:1144)
	at java.base/java.util.concurrent.ThreadPoolExecutor$Worker.run(ThreadPoolExecutor.java:642)
	at java.base/java.lang.Thread.run(Thread.java:1570)

mar 09, 2025 1:41:12 P. M. domain.Log record
SEVERE: domain.QuoriPOOBException: The given start point and finish point of the graph are imppossible to connect by a path.
domain.QuoriPOOBException: The given start point and finish point of the graph are imppossible to connect by a path.
	at domain.Grafo.shortestWay(Grafo.java:82)
	at domain.Player.calculateMyShorestPath(Player.java:211)
	at domain.Advanced.play(Advanced.java:54)
	at domain.Advanced.addWallToBoard(Advanced.java:45)
	at domain.Quoridor.playMachine(Quoridor.java:746)
	at java.base/java.util.concurrent.Executors$RunnableAdapter.call(Executors.java:572)
	at java.base/java.util.concurrent.FutureTask.run(FutureTask.java:317)
	at java.base/java.util.concurrent.ScheduledThreadPoolExecutor$ScheduledFutureTask.run(ScheduledThreadPoolExecutor.java:304)
	at java.base/java.util.concurrent.ThreadPoolExecutor.runWorker(ThreadPoolExecutor.java:1144)
	at java.base/java.util.concurrent.ThreadPoolExecutor$Worker.run(ThreadPoolExecutor.java:642)
	at java.base/java.lang.Thread.run(Thread.java:1570)

mar 09, 2025 1:41:12 P. M. domain.Log record
SEVERE: domain.QuoriPOOBException: GAME OVER the winner is: Machine
domain.QuoriPOOBException: GAME OVER the winner is: Machine
	at domain.Quoridor.finishGame(Quoridor.java:724)
	at domain.Quoridor.playMachine(Quoridor.java:752)
	at java.base/java.util.concurrent.Executors$RunnableAdapter.call(Executors.java:572)
	at java.base/java.util.concurrent.FutureTask.run(FutureTask.java:317)
	at java.base/java.util.concurrent.ScheduledThreadPoolExecutor$ScheduledFutureTask.run(ScheduledThreadPoolExecutor.java:304)
	at java.base/java.util.concurrent.ThreadPoolExecutor.runWorker(ThreadPoolExecutor.java:1144)
	at java.base/java.util.concurrent.ThreadPoolExecutor$Worker.run(ThreadPoolExecutor.java:642)
	at java.base/java.lang.Thread.run(Thread.java:1570)

